#-----------------------------------------------------------
# Vivado v2016.2 (64-bit)
# SW Build 1577090 on Thu Jun  2 16:32:40 MDT 2016
# IP Build 1577682 on Fri Jun  3 12:00:54 MDT 2016
# Start of session at: Wed Nov 03 22:31:23 2021
# Process ID: 5404
# Current directory: D:/project/project_cpu
# Command line: vivado.exe -gui_launcher_event rodinguilauncherevent1876 D:\project\project_cpu\project_cpu.xpr
# Log file: D:/project/project_cpu/vivado.log
# Journal file: D:/project/project_cpu\vivado.jou
#-----------------------------------------------------------
start_gui
open_project D:/project/project_cpu/project_cpu.xpr
Scanning sources...
Finished scanning sources
INFO: [IP_Flow 19-234] Refreshing IP repositories
INFO: [IP_Flow 19-1704] No user IP repositories specified
INFO: [IP_Flow 19-2313] Loaded Vivado IP repository 'D:/Xilinx/Vivado/2016.2/data/ip'.
open_project: Time (s): cpu = 00:00:19 ; elapsed = 00:00:08 . Memory (MB): peak = 922.180 ; gain = 237.945
update_compile_order -fileset sources_1
exit
INFO: [Common 17-206] Exiting Vivado at Wed Nov 03 22:37:25 2021...
