INFO: [VRFC 10-2263] Analyzing SystemVerilog file "D:/Xilinx/Vivado/2016.2/data/ip/xpm/xpm_memory/hdl/xpm_memory_base.sv" into library xil_defaultlib
INFO: [VRFC 10-311] analyzing module xpm_memory_base
INFO: [VRFC 10-2263] Analyzing SystemVerilog file "D:/Xilinx/Vivado/2016.2/data/ip/xpm/xpm_memory/hdl/xpm_memory_dpdistram.sv" into library xil_defaultlib
INFO: [VRFC 10-311] analyzing module xpm_memory_dpdistram
INFO: [VRFC 10-2263] Analyzing SystemVerilog file "D:/Xilinx/Vivado/2016.2/data/ip/xpm/xpm_memory/hdl/xpm_memory_dprom.sv" into library xil_defaultlib
INFO: [VRFC 10-311] analyzing module xpm_memory_dprom
INFO: [VRFC 10-2263] Analyzing SystemVerilog file "D:/Xilinx/Vivado/2016.2/data/ip/xpm/xpm_memory/hdl/xpm_memory_sdpram.sv" into library xil_defaultlib
INFO: [VRFC 10-311] analyzing module xpm_memory_sdpram
INFO: [VRFC 10-2263] Analyzing SystemVerilog file "D:/Xilinx/Vivado/2016.2/data/ip/xpm/xpm_memory/hdl/xpm_memory_spram.sv" into library xil_defaultlib
INFO: [VRFC 10-311] analyzing module xpm_memory_spram
INFO: [VRFC 10-2263] Analyzing SystemVerilog file "D:/Xilinx/Vivado/2016.2/data/ip/xpm/xpm_memory/hdl/xpm_memory_sprom.sv" into library xil_defaultlib
INFO: [VRFC 10-311] analyzing module xpm_memory_sprom
INFO: [VRFC 10-2263] Analyzing SystemVerilog file "D:/Xilinx/Vivado/2016.2/data/ip/xpm/xpm_memory/hdl/xpm_memory_tdpram.sv" into library xil_defaultlib
INFO: [VRFC 10-311] analyzing module xpm_memory_tdpram
INFO: [VRFC 10-2263] Analyzing Verilog file "D:/project/project_cpu/project_cpu.ip_user_files/ipstatic/blk_mem_gen_v8_3_3/simulation/blk_mem_gen_v8_3.v" into library blk_mem_gen_v8_3_3
INFO: [VRFC 10-311] analyzing module STATE_LOGIC_v8_3
INFO: [VRFC 10-311] analyzing module beh_vlog_muxf7_v8_3
INFO: [VRFC 10-311] analyzing module beh_vlog_ff_clr_v8_3
INFO: [VRFC 10-311] analyzing module beh_vlog_ff_pre_v8_3
INFO: [VRFC 10-311] analyzing module beh_vlog_ff_ce_clr_v8_3
INFO: [VRFC 10-311] analyzing module write_netlist_v8_3
INFO: [VRFC 10-311] analyzing module read_netlist_v8_3
INFO: [VRFC 10-311] analyzing module blk_mem_axi_write_wrapper_beh_v8_3
INFO: [VRFC 10-311] analyzing module blk_mem_axi_read_wrapper_beh_v8_3
INFO: [VRFC 10-311] analyzing module blk_mem_axi_regs_fwd_v8_3
INFO: [VRFC 10-311] analyzing module blk_mem_gen_v8_3_3_output_stage
INFO: [VRFC 10-311] analyzing module blk_mem_gen_v8_3_3_softecc_output_reg_stage
INFO: [VRFC 10-311] analyzing module blk_mem_gen_v8_3_3_mem_module
INFO: [VRFC 10-311] analyzing module blk_mem_gen_v8_3_3
INFO: [VRFC 10-2263] Analyzing Verilog file "D:/project/project_cpu/project_cpu.srcs/sources_1/ip/ram_code/sim/ram_code.v" into library xil_defaultlib
INFO: [VRFC 10-311] analyzing module ram_code
INFO: [VRFC 10-2263] Analyzing Verilog file "D:/project/project_cpu/project_cpu.srcs/sources_1/ip/data_ram/sim/data_ram.v" into library xil_defaultlib
INFO: [VRFC 10-311] analyzing module data_ram
INFO: [VRFC 10-2263] Analyzing Verilog file "D:/project/project_cpu/project_cpu.srcs/sources_1/new/regester_file.v" into library xil_defaultlib
INFO: [VRFC 10-311] analyzing module regester_file
INFO: [VRFC 10-2263] Analyzing Verilog file "D:/project/project_cpu/project_cpu.srcs/sources_1/new/pc_new_old.v" into library xil_defaultlib
INFO: [VRFC 10-311] analyzing module pc_new_old
INFO: [VRFC 10-2263] Analyzing Verilog file "D:/project/project_cpu/project_cpu.srcs/sources_1/new/pcadd.v" into library xil_defaultlib
INFO: [VRFC 10-311] analyzing module pcadd
INFO: [VRFC 10-2263] Analyzing Verilog file "D:/project/project_cpu/project_cpu.srcs/sources_1/new/pc.v" into library xil_defaultlib
INFO: [VRFC 10-311] analyzing module pc
INFO: [VRFC 10-2263] Analyzing Verilog file "D:/project/project_cpu/project_cpu.srcs/sources_1/new/kkk.v" into library xil_defaultlib
INFO: [VRFC 10-311] analyzing module kkk
INFO: [VRFC 10-2263] Analyzing Verilog file "D:/project/project_cpu/project_cpu.srcs/sources_1/new/jump.v" into library xil_defaultlib
INFO: [VRFC 10-311] analyzing module jump
INFO: [VRFC 10-2263] Analyzing Verilog file "D:/project/project_cpu/project_cpu.srcs/sources_1/new/dataram_do.v" into library xil_defaultlib
INFO: [VRFC 10-311] analyzing module dataram_do
INFO: [VRFC 10-2263] Analyzing Verilog file "D:/project/project_cpu/project_cpu.srcs/sources_1/new/control.v" into library xil_defaultlib
INFO: [VRFC 10-311] analyzing module control
INFO: [VRFC 10-2263] Analyzing Verilog file "D:/project/project_cpu/project_cpu.srcs/sources_1/new/chchch.v" into library xil_defaultlib
INFO: [VRFC 10-311] analyzing module chchch
INFO: [VRFC 10-2263] Analyzing Verilog file "D:/project/project_cpu/project_cpu.srcs/sources_1/new/begin.v" into library xil_defaultlib
INFO: [VRFC 10-311] analyzing module begink
INFO: [VRFC 10-2263] Analyzing Verilog file "D:/project/project_cpu/project_cpu.srcs/sources_1/new/ALU.v" into library xil_defaultlib
INFO: [VRFC 10-311] analyzing module ALU
INFO: [VRFC 10-2263] Analyzing Verilog file "D:/project/project_cpu/project_cpu.srcs/sources_1/new/cpu.v" into library xil_defaultlib
INFO: [VRFC 10-311] analyzing module cpu
INFO: [VRFC 10-2263] Analyzing Verilog file "D:/project/project_cpu/project_cpu.srcs/sim_1/new/cpu_tb.v" into library xil_defaultlib
INFO: [VRFC 10-311] analyzing module cpu_tb
INFO: [VRFC 10-2263] Analyzing Verilog file "D:/project/project_cpu/project_cpu.sim/sim_1/behav/glbl.v" into library xil_defaultlib
INFO: [VRFC 10-311] analyzing module glbl
INFO: [VRFC 10-163] Analyzing VHDL file "D:/Xilinx/Vivado/2016.2/data/ip/xpm/xpm_VCOMP.vhd" into library xpm
INFO: [VRFC 10-163] Analyzing VHDL file "D:/project/project_cpu/project_cpu.ip_user_files/ipstatic/xbip_utils_v3_0_6/hdl/xbip_utils_v3_0_vh_rfs.vhd" into library xbip_utils_v3_0_6
INFO: [VRFC 10-163] Analyzing VHDL file "D:/project/project_cpu/project_cpu.ip_user_files/ipstatic/xbip_pipe_v3_0_2/hdl/xbip_pipe_v3_0_vh_rfs.vhd" into library xbip_pipe_v3_0_2
INFO: [VRFC 10-307] analyzing entity xbip_pipe_v3_0_2_viv
INFO: [VRFC 10-163] Analyzing VHDL file "D:/project/project_cpu/project_cpu.ip_user_files/ipstatic/xbip_pipe_v3_0_2/hdl/xbip_pipe_v3_0.vhd" into library xbip_pipe_v3_0_2
INFO: [VRFC 10-307] analyzing entity xbip_pipe_v3_0_2
INFO: [VRFC 10-163] Analyzing VHDL file "D:/project/project_cpu/project_cpu.ip_user_files/ipstatic/xbip_bram18k_v3_0_2/hdl/xbip_bram18k_v3_0_vh_rfs.vhd" into library xbip_bram18k_v3_0_2
INFO: [VRFC 10-307] analyzing entity xbip_bram18k_synth
INFO: [VRFC 10-307] analyzing entity xbip_bram18k_rtl
INFO: [VRFC 10-307] analyzing entity xbip_bram18k_v3_0_2_viv
INFO: [VRFC 10-163] Analyzing VHDL file "D:/project/project_cpu/project_cpu.ip_user_files/ipstatic/xbip_bram18k_v3_0_2/hdl/xbip_bram18k_v3_0.vhd" into library xbip_bram18k_v3_0_2
INFO: [VRFC 10-307] analyzing entity xbip_bram18k_v3_0_2
INFO: [VRFC 10-163] Analyzing VHDL file "D:/project/project_cpu/project_cpu.ip_user_files/ipstatic/mult_gen_v12_0_11/hdl/mult_gen_v12_0_vh_rfs.vhd" into library mult_gen_v12_0_11
INFO: [VRFC 10-307] analyzing entity op_resize
INFO: [VRFC 10-307] analyzing entity delay_line
INFO: [VRFC 10-307] analyzing entity cc_compare
INFO: [VRFC 10-307] analyzing entity luts
INFO: [VRFC 10-307] analyzing entity mult18
INFO: [VRFC 10-307] analyzing entity dsp
INFO: [VRFC 10-307] analyzing entity hybrid
INFO: [VRFC 10-307] analyzing entity ccm_dist_mem
INFO: [VRFC 10-307] analyzing entity ccm_sp_block_mem
INFO: [VRFC 10-307] analyzing entity ccm_dp_block_mem
INFO: [VRFC 10-307] analyzing entity ccm_syncmem
INFO: [VRFC 10-307] analyzing entity ccm_scaled_adder
INFO: [VRFC 10-307] analyzing entity ccm_operation
INFO: [VRFC 10-307] analyzing entity ccm
INFO: [VRFC 10-307] analyzing entity three_input_adder
INFO: [VRFC 10-307] analyzing entity multmxn_lut6
INFO: [VRFC 10-307] analyzing entity mult_gen_v12_0_11_viv
INFO: [VRFC 10-163] Analyzing VHDL file "D:/project/project_cpu/project_cpu.ip_user_files/ipstatic/mult_gen_v12_0_11/hdl/mult_gen_v12_0.vhd" into library mult_gen_v12_0_11
INFO: [VRFC 10-307] analyzing entity mult_gen_v12_0_11
INFO: [VRFC 10-163] Analyzing VHDL file "D:/project/project_cpu/project_cpu.srcs/sources_1/ip/mult_gen_0/sim/mult_gen_0.vhd" into library xil_defaultlib
INFO: [VRFC 10-307] analyzing entity mult_gen_0
